#
# There is insufficient memory for the Java Runtime Environment to continue.
# Native memory allocation (malloc) failed to allocate 1048576 bytes for AllocateHeap
# Possible reasons:
#   The system is out of physical RAM or swap space
#   In 32 bit mode, the process size limit was hit
# Possible solutions:
#   Reduce memory load on the system
#   Increase physical memory or swap space
#   Check if swap backing store is full
#   Use 64 bit Java on a 64 bit OS
#   Decrease Java heap size (-Xmx/-Xms)
#   Decrease number of Java threads
#   Decrease Java thread stack sizes (-Xss)
#   Set larger code cache with -XX:ReservedCodeCacheSize=
# This output file may be truncated or incomplete.
#
#  Out of Memory Error (memory/allocation.inline.hpp:62), pid=1520, tid=4960
#
# JRE version:  (8.0_05-b13) (build )
# Java VM: Java HotSpot(TM) 64-Bit Server VM (25.5-b02 mixed mode windows-amd64 compressed oops)
# Failed to write core dump. Minidumps are not enabled by default on client versions of Windows
#

---------------  T H R E A D  ---------------

Current thread (0x0000000002061000):  JavaThread "Unknown thread" [_thread_in_vm, id=4960, stack(0x0000000001f50000,0x0000000002050000)]

Stack: [0x0000000001f50000,0x0000000002050000]
Native frames: (J=compiled Java code, j=interpreted, Vv=VM code, C=native code)
V  [jvm.dll+0x308dea]
V  [jvm.dll+0x25def1]
V  [jvm.dll+0x25eb0f]
V  [jvm.dll+0x2564e5]
V  [jvm.dll+0x25553f]
V  [jvm.dll+0x3c732c]
V  [jvm.dll+0x3c29f7]
V  [jvm.dll+0xe2142]
V  [jvm.dll+0x1f1419]
V  [jvm.dll+0x2227c4]
V  [jvm.dll+0x149f71]
C  [java.exe+0x207a]
C  [java.exe+0xc99b]
C  [java.exe+0xca2f]
C  [KERNEL32.DLL+0x16ad]
C  [ntdll.dll+0x74629]


---------------  P R O C E S S  ---------------

Java Threads: ( => current thread )

Other Threads:

=>0x0000000002061000 (exited) JavaThread "Unknown thread" [_thread_in_vm, id=4960, stack(0x0000000001f50000,0x0000000002050000)]

VM state:not at safepoint (normal execution)

VM Mutex/Monitor currently owned by a thread: None

Heap:
 PSYoungGen      total 1024K, used 20K [0x00000000d6b00000, 0x00000000d6c80000, 0x0000000100000000)
  eden space 512K, 4% used [0x00000000d6b00000,0x00000000d6b05288,0x00000000d6b80000)
  from space 512K, 0% used [0x00000000d6c00000,0x00000000d6c00000,0x00000000d6c80000)
  to   space 512K, 0% used [0x00000000d6b80000,0x00000000d6b80000,0x00000000d6c00000)
 ParOldGen       total 125440K, used 0K [0x0000000084000000, 0x000000008ba80000, 0x00000000d6b00000)
  object space 125440K, 0% used [0x0000000084000000,0x0000000084000000,0x000000008ba80000)
 Metaspace       used 673K, capacity 4480K, committed 4480K, reserved 1056768K
  class space    used 66K, capacity 384K, committed 384K, reserved 1048576K

Card table byte_map: [0x0000000011530000,0x0000000011920000] byte_map_base: 0x0000000011110000

Marking Bits: (ParMarkBitMap*) 0x00000000581813b0
 Begin Bits: [0x00000000121c0000, 0x00000000140c0000)
 End Bits:   [0x00000000140c0000, 0x0000000015fc0000)

Polling page: 0x00000000007d0000

CodeCache: size=245760Kb used=326Kb max_used=326Kb free=245433Kb
 bounds [0x0000000002170000, 0x00000000023e0000, 0x0000000011170000]
 total_blobs=55 nmethods=0 adapters=37
 compilation: enabled

Compilation events (0 events):
No events

GC Heap History (0 events):
No events

Deoptimization events (0 events):
No events

Internal exceptions (0 events):
No events

Events (10 events):
Event: 0.023 loading class java/lang/Short
Event: 0.023 loading class java/lang/Short done
Event: 0.023 loading class java/lang/Integer
Event: 0.023 loading class java/lang/Integer done
Event: 0.024 loading class java/lang/Long
Event: 0.024 loading class java/lang/Long done
Event: 0.024 loading class java/lang/NullPointerException
Event: 0.024 loading class java/lang/NullPointerException done
Event: 0.024 loading class java/lang/ArithmeticException
Event: 0.024 loading class java/lang/ArithmeticException done


Dynamic libraries:
0x00007ff746a60000 - 0x00007ff746a94000 	C:\Program Files\Java\jdk1.8.0_05\bin\java.exe
0x00007fff33590000 - 0x00007fff3373a000 	C:\WINDOWS\SYSTEM32\ntdll.dll
0x00007fff33450000 - 0x00007fff3358a000 	C:\WINDOWS\system32\KERNEL32.DLL
0x00007fff30d00000 - 0x00007fff30e0f000 	C:\WINDOWS\system32\KERNELBASE.dll
0x00007fff2f510000 - 0x00007fff2f598000 	C:\WINDOWS\system32\apphelp.dll
0x00007fff1be20000 - 0x00007fff1be6f000 	C:\WINDOWS\AppPatch\AppPatch64\AcGenral.DLL
0x00007fff31240000 - 0x00007fff312e7000 	C:\WINDOWS\system32\msvcrt.dll
0x00007fff307b0000 - 0x00007fff307db000 	C:\WINDOWS\SYSTEM32\SspiCli.dll
0x00007fff32fc0000 - 0x00007fff33011000 	C:\WINDOWS\system32\SHLWAPI.dll
0x00007fff31000000 - 0x00007fff31171000 	C:\WINDOWS\system32\USER32.dll
0x00007fff31410000 - 0x00007fff31588000 	C:\WINDOWS\system32\ole32.dll
0x00007fff31ba0000 - 0x00007fff32fc0000 	C:\WINDOWS\system32\SHELL32.dll
0x00007fff30160000 - 0x00007fff3017e000 	C:\WINDOWS\SYSTEM32\USERENV.dll
0x00007fff31360000 - 0x00007fff31405000 	C:\WINDOWS\system32\ADVAPI32.dll
0x00007fff23490000 - 0x00007fff234ab000 	C:\WINDOWS\SYSTEM32\MPR.dll
0x00007fff33130000 - 0x00007fff33266000 	C:\WINDOWS\system32\RPCRT4.dll
0x00007fff330d0000 - 0x00007fff33127000 	C:\WINDOWS\SYSTEM32\sechost.dll
0x00007fff31590000 - 0x00007fff31766000 	C:\WINDOWS\SYSTEM32\combase.dll
0x00007fff31a50000 - 0x00007fff31b94000 	C:\WINDOWS\system32\GDI32.dll
0x00007fff30900000 - 0x00007fff30914000 	C:\WINDOWS\SYSTEM32\profapi.dll
0x00007fff2ef40000 - 0x00007fff2efdf000 	C:\WINDOWS\SYSTEM32\SHCORE.dll
0x00007fff33390000 - 0x00007fff333c4000 	C:\WINDOWS\system32\IMM32.DLL
0x00007fff31770000 - 0x00007fff318a9000 	C:\WINDOWS\system32\MSCTF.dll
0x00007fff2e4c0000 - 0x00007fff2e71a000 	C:\WINDOWS\WinSxS\amd64_microsoft.windows.common-controls_6595b64144ccf1df_6.0.9600.17031_none_6242a4b3ecbb55a1\COMCTL32.dll
0x0000000058200000 - 0x00000000582d2000 	C:\Program Files\Java\jdk1.8.0_05\jre\bin\msvcr100.dll
0x00000000579d0000 - 0x00000000581fa000 	C:\Program Files\Java\jdk1.8.0_05\jre\bin\server\jvm.dll
0x00007fff2c070000 - 0x00007fff2c079000 	C:\WINDOWS\SYSTEM32\WSOCK32.dll
0x00007fff23450000 - 0x00007fff2346f000 	C:\WINDOWS\SYSTEM32\WINMM.dll
0x00007fff31350000 - 0x00007fff31357000 	C:\WINDOWS\system32\PSAPI.DLL
0x00007fff333d0000 - 0x00007fff33428000 	C:\WINDOWS\system32\WS2_32.dll
0x00007fff23420000 - 0x00007fff2344a000 	C:\WINDOWS\SYSTEM32\WINMMBASE.dll
0x00007fff30e10000 - 0x00007fff30e19000 	C:\WINDOWS\system32\NSI.dll
0x00007fff30ad0000 - 0x00007fff30b1a000 	C:\WINDOWS\SYSTEM32\cfgmgr32.dll
0x00007fff2f790000 - 0x00007fff2f7b6000 	C:\WINDOWS\SYSTEM32\DEVOBJ.dll
0x00000000579c0000 - 0x00000000579cf000 	C:\Program Files\Java\jdk1.8.0_05\jre\bin\verify.dll
0x0000000057990000 - 0x00000000579b8000 	C:\Program Files\Java\jdk1.8.0_05\jre\bin\java.dll
0x0000000057970000 - 0x0000000057986000 	C:\Program Files\Java\jdk1.8.0_05\jre\bin\zip.dll
0x00007fff1d530000 - 0x00007fff1d6b8000 	C:\WINDOWS\SYSTEM32\dbghelp.dll

VM Arguments:
java_command: <unknown>
java_class_path (initial): .
Launcher Type: SUN_STANDARD

Environment Variables:
JAVA_HOME=C:\Program Files\Java\jdk1.8.0_05
PATH=C:\Program Files (x86)\NVIDIA Corporation\PhysX\Common;C:\Perl\site\bin;C:\Perl\bin;C:\WinDDK\SDV\bin;C:\Users\sirus\AMD APP SDK\2.9\bin\x86_64;C:\Users\sirus\AMD APP SDK\2.9\bin\x86;C:\Program Files (x86)\AMD APP SDK\2.9\bin\x86_64;C:\Program Files (x86)\AMD APP SDK\2.9\bin\x86;C:\Program Files\ImageMagick-6.8.8-Q16;C:\WINDOWS\system32;C:\WINDOWS;C:\WINDOWS\System32\Wbem;C:\WINDOWS\System32\WindowsPowerShell\v1.0\;C:\Program Files (x86)\ATI Technologies\ATI.ACE\Core-Static;C:\Program Files (x86)\Windows Kits\8.1\Windows Performance Toolkit\;C:\Program Files (x86)\Tesseract-OCR;C:\Program Files (x86)\CMake 2.8\bin;C:\Program Files\Google\Cloud SDK\google-cloud-sdk\bin;C:\Program Files\Java\jdk1.8.0_05\bin;M2;C:\Program Files\Java\jre8\bin;C:\Perl\site\bin;C:\Perl\bin;C:\WinDDK\SDV\bin;C:\Users\sirus\AMD APP SDK\2.9\bin\x86_64;C:\Users\sirus\AMD APP SDK\2.9\bin\x86;C:\Program Files (x86)\AMD APP SDK\2.9\bin\x86_64;C:\Program Files (x86)\AMD APP SDK\2.9\bin\x86;C:\Program Files\ImageMagick-6.8.8-Q16;C:\WINDOWS\system32;C:\WINDOWS;C:\WINDOWS\System32\Wbem;C:\WINDOWS\System32\WindowsPowerShell\v1.0\;C:\Program Files (x86)\ATI Technologies\ATI.ACE\Core-Static;C:\Program Files (x86)\Windows Kits\8.1\Windows Performance Toolkit\;C:\Program Files (x86)\Tesseract-OCR;C:\Program Files (x86)\CMake 2.8\bin;C:\Program Files\Google\Cloud SDK\google-cloud-sdk\bin;C:\Program Files\Java\jdk1.8.0_05\bin;C:\Program Files\apache\bin;C:\Program Files\Java\jre8\bin;C:\Program Files (x86)\Google\google_appengine\
USERNAME=sirus
OS=Windows_NT
PROCESSOR_IDENTIFIER=AMD64 Family 21 Model 2 Stepping 0, AuthenticAMD



---------------  S Y S T E M  ---------------

OS: Windows 8.1 , 64 bit Build 9600 

CPU:total 6 (6 cores per cpu, 1 threads per core) family 21 model 2 stepping 0, cmov, cx8, fxsr, mmx, sse, sse2, sse3, ssse3, sse4.1, sse4.2, popcnt, avx, aes, clmul, mmxext, 3dnowpref, lzcnt, sse4a, tsc, tscinvbit

Memory: 4k page, physical 8121960k(1842696k free), swap 8121960k(3544k free)

vm_info: Java HotSpot(TM) 64-Bit Server VM (25.5-b02) for windows-amd64 JRE (1.8.0_05-b13), built on Mar 18 2014 01:08:39 by "java_re" with MS VC++ 10.0 (VS2010)

time: Sun Jul 13 03:43:25 2014
elapsed time: 0 seconds

